mode: set
w5gc.io/wipro5gcore/pkg/smf/pdusmsp/pdusmsp.go:75.85,109.2 6 0
w5gc.io/wipro5gcore/pkg/smf/pdusmsp/pdusmsp.go:112.66,128.2 4 0
w5gc.io/wipro5gcore/pkg/smf/pdusmsp/pdusmsp.go:130.100,138.2 7 0
w5gc.io/wipro5gcore/pkg/smf/pdusmsp/pdusmsp.go:143.31,144.6 1 0
w5gc.io/wipro5gcore/pkg/smf/pdusmsp/pdusmsp.go:144.6,145.10 1 0
w5gc.io/wipro5gcore/pkg/smf/pdusmsp/pdusmsp.go:156.33,157.27 1 0
w5gc.io/wipro5gcore/pkg/smf/pdusmsp/pdusmsp.go:158.12,159.57 1 0
w5gc.io/wipro5gcore/pkg/smf/pdusmsp/pdusmsp.go:161.38,162.29 1 0
w5gc.io/wipro5gcore/pkg/smf/pdusmsp/pdusmsp.go:163.43,167.53 3 0
w5gc.io/wipro5gcore/pkg/smf/pdusmsp/pdusmsp.go:169.43,173.53 3 0
w5gc.io/wipro5gcore/pkg/smf/pdusmsp/pdusmsp.go:175.44,179.53 3 0
w5gc.io/wipro5gcore/pkg/smf/pdusmsp/pdusmsp.go:181.45,185.53 3 0
w5gc.io/wipro5gcore/pkg/smf/pdusmsp/pdusmsp.go:209.17,209.17 0 0
w5gc.io/wipro5gcore/pkg/smf/pdusmsp/pdusmsp.go:220.25,222.58 2 0
w5gc.io/wipro5gcore/pkg/smf/pdusmsp/pdusmsp.go:222.58,224.5 1 0
w5gc.io/wipro5gcore/pkg/smf/pdusmsp/pdusmsp.go:246.49,250.2 3 0
w5gc.io/wipro5gcore/pkg/smf/pdusmsp/pdusmsp.go:253.115,259.35 1 0
w5gc.io/wipro5gcore/pkg/smf/pdusmsp/pdusmsp.go:259.35,261.18 1 0
w5gc.io/wipro5gcore/pkg/smf/pdusmsp/pdusmsp.go:261.18,264.5 1 0
w5gc.io/wipro5gcore/pkg/smf/pdusmsp/pdusmsp.go:264.10,267.5 1 0
w5gc.io/wipro5gcore/pkg/smf/pdusmsp/pdusmsp.go:275.67,281.17 2 0
w5gc.io/wipro5gcore/pkg/smf/pdusmsp/pdusmsp.go:282.41,290.46 2 0
w5gc.io/wipro5gcore/pkg/smf/pdusmsp/pdusmsp.go:293.41,293.41 0 0
w5gc.io/wipro5gcore/pkg/smf/pdusmsp/pdusmsp.go:296.42,296.42 0 0
w5gc.io/wipro5gcore/pkg/smf/pdusmsp/pdusmsp.go:299.43,299.43 0 0
w5gc.io/wipro5gcore/pkg/smf/pdusmsp/pdusmsp.go:303.2,303.12 1 0
w5gc.io/wipro5gcore/pkg/smf/pdusmsp/workers.go:46.119,55.2 1 0
w5gc.io/wipro5gcore/pkg/smf/pdusmsp/workers.go:58.84,69.65 6 0
w5gc.io/wipro5gcore/pkg/smf/pdusmsp/workers.go:69.65,75.13 3 0
w5gc.io/wipro5gcore/pkg/smf/pdusmsp/workers.go:75.13,78.4 1 0
w5gc.io/wipro5gcore/pkg/smf/pdusmsp/workers.go:82.2,82.36 1 0
w5gc.io/wipro5gcore/pkg/smf/pdusmsp/workers.go:82.36,86.3 2 0
w5gc.io/wipro5gcore/pkg/smf/pdusmsp/workers.go:86.8,90.3 1 0
w5gc.io/wipro5gcore/pkg/smf/pdusmsp/workers.go:94.97,97.39 1 0
w5gc.io/wipro5gcore/pkg/smf/pdusmsp/workers.go:97.39,99.23 2 0
w5gc.io/wipro5gcore/pkg/smf/pdusmsp/workers.go:99.23,107.4 2 0
w5gc.io/wipro5gcore/pkg/smf/pdusmsp/workers.go:110.3,110.36 1 0
w5gc.io/wipro5gcore/pkg/smf/pdusmsp/workers.go:110.36,112.4 1 0
w5gc.io/wipro5gcore/pkg/smf/pdusmsp/workers.go:115.3,115.17 1 0
w5gc.io/wipro5gcore/pkg/smf/pdusmsp/workers.go:115.17,117.4 1 0
w5gc.io/wipro5gcore/pkg/smf/pdusmsp/workers.go:118.3,118.69 1 0
w5gc.io/wipro5gcore/pkg/smf/pdusmsp/workers.go:118.69,121.4 2 0
w5gc.io/wipro5gcore/pkg/smf/pdusmsp/workers.go:121.9,123.4 1 0
w5gc.io/wipro5gcore/pkg/smf/pdusmsp/workers.go:127.100,130.44 3 0
w5gc.io/wipro5gcore/pkg/smf/pdusmsp/workers.go:130.44,131.55 1 0
w5gc.io/wipro5gcore/pkg/smf/pdusmsp/workers.go:131.55,132.48 1 0
w5gc.io/wipro5gcore/pkg/smf/pdusmsp/workers.go:132.48,136.5 3 0
w5gc.io/wipro5gcore/pkg/smf/pdusmsp/workers.go:139.2,139.12 1 0
w5gc.io/wipro5gcore/pkg/smf/pdusmsp/grpc/grpc.go:35.97,40.2 1 1
w5gc.io/wipro5gcore/pkg/smf/pdusmsp/grpc/grpc.go:43.28,46.2 2 0
w5gc.io/wipro5gcore/pkg/smf/pdusmsp/grpc/grpc.go:50.68,52.2 1 0
w5gc.io/wipro5gcore/pkg/smf/pdusmsp/grpc/grpc.go:54.91,56.2 1 1
w5gc.io/wipro5gcore/pkg/smf/pdusmsp/grpc/grpc.go:58.91,60.2 1 0
w5gc.io/wipro5gcore/pkg/smf/pdusmsp/grpc/grpc.go:62.94,64.2 1 0
